<?xml version="1.0" encoding="UTF-8"?>
<!-- Generated by org.testng.reporters.JUnitXMLReporter -->
<testsuite ignored="0" hostname="DESKTOP-7EUDCAL" failures="0" tests="3" name="Default test" time="0.092" errors="0" timestamp="2022-03-21T21:56:54 GMT-04:00">
  <testcase classname="TesngAnnotations" name="method1" time="0.006"/>
  <testcase classname="TesngAnnotations" name="method2" time="0.002"/>
  <testcase classname="TesngAnnotations" name="method3" time="0.001"/>
</testsuite> <!-- Default test -->
