<?xml version="1.0" encoding="UTF-8"?>
<testng-results ignored="0" total="3" passed="3" failed="0" skipped="0">
  <reporter-output>
  </reporter-output>
  <suite started-at="2022-03-21T21:56:54 GMT-04:00" name="Default suite" finished-at="2022-03-21T21:56:54 GMT-04:00" duration-ms="92">
    <groups>
    </groups>
    <test started-at="2022-03-21T21:56:54 GMT-04:00" name="Default test" finished-at="2022-03-21T21:56:54 GMT-04:00" duration-ms="92">
      <class name="TesngAnnotations">
        <test-method is-config="true" signature="beforeclass()[pri:0, instance:TesngAnnotations@66498326]" started-at="2022-03-21T21:56:54 GMT-04:00" name="beforeclass" finished-at="2022-03-21T21:56:54 GMT-04:00" duration-ms="16" status="PASS">
          <reporter-output>
          </reporter-output>
        </test-method> <!-- beforeclass -->
        <test-method is-config="true" signature="before()[pri:0, instance:TesngAnnotations@66498326]" started-at="2022-03-21T21:56:54 GMT-04:00" name="before" finished-at="2022-03-21T21:56:54 GMT-04:00" duration-ms="0" status="PASS">
          <reporter-output>
          </reporter-output>
        </test-method> <!-- before -->
        <test-method signature="method1()[pri:0, instance:TesngAnnotations@66498326]" started-at="2022-03-21T21:56:54 GMT-04:00" name="method1" finished-at="2022-03-21T21:56:54 GMT-04:00" duration-ms="6" status="PASS">
          <reporter-output>
          </reporter-output>
        </test-method> <!-- method1 -->
        <test-method is-config="true" signature="after()[pri:0, instance:TesngAnnotations@66498326]" started-at="2022-03-21T21:56:54 GMT-04:00" name="after" finished-at="2022-03-21T21:56:54 GMT-04:00" duration-ms="1" status="PASS">
          <reporter-output>
          </reporter-output>
        </test-method> <!-- after -->
        <test-method is-config="true" signature="before()[pri:0, instance:TesngAnnotations@66498326]" started-at="2022-03-21T21:56:54 GMT-04:00" name="before" finished-at="2022-03-21T21:56:54 GMT-04:00" duration-ms="1" status="PASS">
          <reporter-output>
          </reporter-output>
        </test-method> <!-- before -->
        <test-method signature="method2()[pri:0, instance:TesngAnnotations@66498326]" started-at="2022-03-21T21:56:54 GMT-04:00" name="method2" finished-at="2022-03-21T21:56:54 GMT-04:00" duration-ms="2" status="PASS">
          <reporter-output>
          </reporter-output>
        </test-method> <!-- method2 -->
        <test-method is-config="true" signature="after()[pri:0, instance:TesngAnnotations@66498326]" started-at="2022-03-21T21:56:54 GMT-04:00" name="after" finished-at="2022-03-21T21:56:54 GMT-04:00" duration-ms="0" status="PASS">
          <reporter-output>
          </reporter-output>
        </test-method> <!-- after -->
        <test-method is-config="true" signature="before()[pri:0, instance:TesngAnnotations@66498326]" started-at="2022-03-21T21:56:54 GMT-04:00" name="before" finished-at="2022-03-21T21:56:54 GMT-04:00" duration-ms="1" status="PASS">
          <reporter-output>
          </reporter-output>
        </test-method> <!-- before -->
        <test-method signature="method3()[pri:0, instance:TesngAnnotations@66498326]" started-at="2022-03-21T21:56:54 GMT-04:00" name="method3" finished-at="2022-03-21T21:56:54 GMT-04:00" duration-ms="1" status="PASS">
          <reporter-output>
          </reporter-output>
        </test-method> <!-- method3 -->
        <test-method is-config="true" signature="after()[pri:0, instance:TesngAnnotations@66498326]" started-at="2022-03-21T21:56:54 GMT-04:00" name="after" finished-at="2022-03-21T21:56:54 GMT-04:00" duration-ms="0" status="PASS">
          <reporter-output>
          </reporter-output>
        </test-method> <!-- after -->
        <test-method is-config="true" signature="afterclass()[pri:0, instance:TesngAnnotations@66498326]" started-at="2022-03-21T21:56:54 GMT-04:00" name="afterclass" finished-at="2022-03-21T21:56:54 GMT-04:00" duration-ms="0" status="PASS">
          <reporter-output>
          </reporter-output>
        </test-method> <!-- afterclass -->
      </class> <!-- TesngAnnotations -->
    </test> <!-- Default test -->
  </suite> <!-- Default suite -->
</testng-results>
